<?xml version="1.0" encoding="UTF-8"?>
<!-- Generated by org.testng.reporters.JUnitXMLReporter -->
<testsuite ignored="0" hostname="LAPTOP-OL97P8DL" failures="0" tests="4" name="Default test" time="5.618" errors="0" timestamp="2023-03-31T15:58:55 BDT">
  <testcase classname="api.test.HTTPRequest" name="getUsers" time="2.99"/>
  <testcase classname="api.test.HTTPRequest" name="createUser" time="1.135"/>
  <testcase classname="api.test.HTTPRequest" name="updateUser" time="0.686"/>
  <testcase classname="api.test.HTTPRequest" name="deleteUser" time="0.732"/>
</testsuite> <!-- Default test -->
