<?xml version="1.0" encoding="UTF-8"?>
<testng-results ignored="0" total="4" passed="4" failed="0" skipped="0">
  <reporter-output>
  </reporter-output>
  <suite started-at="2023-03-31T15:58:50 BDT" name="Default suite" finished-at="2023-03-31T15:58:55 BDT" duration-ms="5618">
    <groups>
    </groups>
    <test started-at="2023-03-31T15:58:50 BDT" name="Default test" finished-at="2023-03-31T15:58:55 BDT" duration-ms="5618">
      <class name="api.test.HTTPRequest">
        <test-method signature="getUsers()[pri:1, instance:api.test.HTTPRequest@741a8937]" started-at="2023-03-31T15:58:50 BDT" name="getUsers" finished-at="2023-03-31T15:58:53 BDT" duration-ms="2990" status="PASS">
          <reporter-output>
          </reporter-output>
        </test-method> <!-- getUsers -->
        <test-method signature="createUser()[pri:2, instance:api.test.HTTPRequest@741a8937]" started-at="2023-03-31T15:58:53 BDT" name="createUser" finished-at="2023-03-31T15:58:54 BDT" duration-ms="1135" status="PASS">
          <reporter-output>
          </reporter-output>
        </test-method> <!-- createUser -->
        <test-method signature="updateUser()[pri:3, instance:api.test.HTTPRequest@741a8937]" started-at="2023-03-31T15:58:54 BDT" name="updateUser" finished-at="2023-03-31T15:58:54 BDT" depends-on-methods="api.test.HTTPRequest.createUser" duration-ms="686" status="PASS">
          <reporter-output>
          </reporter-output>
        </test-method> <!-- updateUser -->
        <test-method signature="deleteUser()[pri:4, instance:api.test.HTTPRequest@741a8937]" started-at="2023-03-31T15:58:54 BDT" name="deleteUser" finished-at="2023-03-31T15:58:55 BDT" duration-ms="732" status="PASS">
          <reporter-output>
          </reporter-output>
        </test-method> <!-- deleteUser -->
      </class> <!-- api.test.HTTPRequest -->
    </test> <!-- Default test -->
  </suite> <!-- Default suite -->
</testng-results>
